<?xml version="1.0" encoding="UTF-8"?>
<!-- Generated by org.testng.reporters.JUnitReportReporter -->
<testsuite hostname="LAPTOP-AMSN430Q" name="com.pavan.businessscripts.SampleTest" tests="1" failures="0" timestamp="1 Jun 2021 06:15:01 GMT" time="56.575" errors="0">
  <testcase name="sampletest" time="56.575" classname="com.pavan.businessscripts.SampleTest"/>
</testsuite> <!-- com.pavan.businessscripts.SampleTest -->
